<?xml version="1.0" encoding="UTF-8"?>
<!-- Generated by org.testng.reporters.JUnitReportReporter -->
<testsuite hostname="Thahers-MacBook-Pro.local" failures="0" tests="1" name="Testng_package.Testclass2" time="51.014" errors="0" timestamp="2025-08-18T15:15:31 IST" skipped="0">
  <testcase classname="Testng_package.Testclass2" name="flipkart" time="51.014"/>
</testsuite> <!-- Testng_package.Testclass2 -->
