<?xml version="1.0" encoding="UTF-8"?>
<!-- Generated by org.testng.reporters.JUnitReportReporter -->
<testsuite hostname="Thahers-MacBook-Pro.local" failures="0" tests="3" name="Assert_demo.Ebay_dependentTesting" time="39.443" errors="0" timestamp="2025-08-18T12:39:24 IST" skipped="0">
  <testcase classname="Assert_demo.Ebay_dependentTesting" name="login" time="24.623"/>
  <testcase classname="Assert_demo.Ebay_dependentTesting" name="multipleSearches" time="6.725"/>
  <testcase classname="Assert_demo.Ebay_dependentTesting" name="logout" time="8.095"/>
</testsuite> <!-- Assert_demo.Ebay_dependentTesting -->
