<?xml version="1.0" encoding="UTF-8"?>
<!-- Generated by org.testng.reporters.JUnitReportReporter -->
<testsuite hostname="Thahers-MacBook-Pro.local" failures="0" tests="4" name="Testng_package.Para_testing" time="125.196" errors="0" timestamp="2025-08-14T12:52:52 IST" skipped="0">
  <testcase classname="Testng_package.Para_testing" name="flipkart" time="49.517"/>
  <testcase classname="Testng_package.Para_testing" name="zerobank" time="15.038"/>
  <testcase classname="Testng_package.Para_testing" name="amazon" time="39.207"/>
  <testcase classname="Testng_package.Para_testing" name="eBay" time="21.434"/>
</testsuite> <!-- Testng_package.Para_testing -->
