<?xml version="1.0" encoding="UTF-8"?>
<!-- Generated by org.testng.reporters.JUnitReportReporter -->
<testsuite hostname="Thahers-MacBook-Pro.local" failures="0" tests="2" name="Testng_package.Ebay_Active_Inactive" time="9.336" errors="0" timestamp="2025-08-18T14:33:00 IST" skipped="1">
  <testcase classname="Testng_package.Ebay_Active_Inactive" name="languageChange" time="9.336"/>
  <testcase classname="Testng_package.Ebay_Active_Inactive" name="shopByallCatTest">
    <skipped/>
  </testcase> <!-- shopByallCatTest -->
</testsuite> <!-- Testng_package.Ebay_Active_Inactive -->
