<?xml version="1.0" encoding="UTF-8"?>
<!-- Generated by org.testng.reporters.JUnitReportReporter -->
<testsuite hostname="Thahers-MacBook-Pro.local" failures="0" tests="15" name="Testng_package.Ebay_miniproject" time="94.108" errors="0" timestamp="2025-08-19T12:00:23 IST" skipped="0">
  <testcase classname="Testng_package.Ebay_miniproject" name="testpassword" time="4.977"/>
  <testcase classname="Testng_package.Ebay_miniproject" name="testemail" time="2.179"/>
  <testcase classname="Testng_package.Ebay_miniproject" name="testpassword" time="3.637"/>
  <testcase classname="Testng_package.Ebay_miniproject" name="testpassword" time="3.502"/>
  <testcase classname="Testng_package.Ebay_miniproject" name="testemail" time="0.038"/>
  <testcase classname="Testng_package.Ebay_miniproject" name="testemail" time="2.201"/>
  <testcase classname="Testng_package.Ebay_miniproject" name="testpassword" time="0.006"/>
  <testcase classname="Testng_package.Ebay_miniproject" name="testpassword" time="3.846"/>
  <testcase classname="Testng_package.Ebay_miniproject" name="testemail" time="2.238"/>
  <testcase classname="Testng_package.Ebay_miniproject" name="ms" time="6.762"/>
  <testcase classname="Testng_package.Ebay_miniproject" name="addingtoCartandDelete" time="15.927"/>
  <testcase classname="Testng_package.Ebay_miniproject" name="changeAandN" time="24.175"/>
  <testcase classname="Testng_package.Ebay_miniproject" name="shoppingByCatTest" time="9.885"/>
  <testcase classname="Testng_package.Ebay_miniproject" name="shoppingByallCatTest" time="5.538"/>
  <testcase classname="Testng_package.Ebay_miniproject" name="languageChange" time="9.197"/>
</testsuite> <!-- Testng_package.Ebay_miniproject -->
