<?xml version="1.0" encoding="UTF-8"?>
<!-- Generated by org.testng.reporters.JUnitReportReporter -->
<testsuite hostname="Thahers-MacBook-Pro.local" failures="0" tests="2" name="Testng_package.CrossBrowser_testing" time="81.737" errors="0" timestamp="2025-08-14T15:02:04 IST" skipped="0">
  <testcase classname="Testng_package.CrossBrowser_testing" name="chrome" time="41.281"/>
  <testcase classname="Testng_package.CrossBrowser_testing" name="firefox" time="40.456"/>
</testsuite> <!-- Testng_package.CrossBrowser_testing -->
