<?xml version="1.0" encoding="UTF-8"?>
<!-- Generated by org.testng.reporters.JUnitReportReporter -->
<testsuite hostname="Thahers-MacBook-Pro.local" failures="0" tests="2" name="Testng_package.LoginTest" time="0.027" errors="0" timestamp="2025-08-18T15:14:29 IST" skipped="0">
  <testcase classname="Testng_package.LoginTest" name="logintest" time="0.003"/>
  <testcase classname="Testng_package.LoginTest" name="logintest" time="0.024"/>
</testsuite> <!-- Testng_package.LoginTest -->
